# JRE version: Java(TM) SE Runtime Environment (8.0_241-b07) (build 1.8.0_241-b07)
# Java VM: Java HotSpot(TM) 64-Bit Server VM (25.241-b07 mixed mode windows-amd64 compressed oops)
Heap:
 PSYoungGen      total 560128K, used 357482K [0x000000076bb00000, 0x000000078fc80000, 0x00000007c0000000)
  eden space 529920K, 67% used [0x000000076bb00000,0x000000078181ab30,0x000000078c080000)
  from space 30208K, 0% used [0x000000078df00000,0x000000078df00000,0x000000078fc80000)
  to   space 30720K, 0% used [0x000000078c080000,0x000000078c080000,0x000000078de80000)
 ParOldGen       total 219648K, used 63764K [0x00000006c3000000, 0x00000006d0680000, 0x000000076bb00000)
  object space 219648K, 29% used [0x00000006c3000000,0x00000006c6e45030,0x00000006d0680000)
 Metaspace       used 77934K, capacity 83098K, committed 83328K, reserved 1122304K
  class space    used 10415K, capacity 11290K, committed 11392K, reserved 1048576K
GC Heap History (10 events):
Event: 165.732 GC heap before
{Heap before GC invocations=18 (full 4):
 PSYoungGen      total 392192K, used 186712K [0x000000076bb00000, 0x000000078a580000, 0x00000007c0000000)
  eden space 363520K, 46% used [0x000000076bb00000,0x0000000775ea4ed0,0x0000000781e00000)
  from space 28672K, 66% used [0x0000000781e00000,0x00000007830b1210,0x0000000783a00000)
  to   space 29184K, 0% used [0x0000000788900000,0x0000000788900000,0x000000078a580000)
 ParOldGen       total 219648K, used 50169K [0x00000006c3000000, 0x00000006d0680000, 0x000000076bb00000)
  object space 219648K, 22% used [0x00000006c3000000,0x00000006c60fe530,0x00000006d0680000)
 Metaspace       used 74251K, capacity 79096K, committed 79360K, reserved 1118208K
  class space    used 10103K, capacity 10897K, committed 11008K, reserved 1048576K
Event: 165.739 GC heap after
Heap after GC invocations=18 (full 4):
 PSYoungGen      total 472064K, used 9406K [0x000000076bb00000, 0x000000078a480000, 0x00000007c0000000)
  eden space 443904K, 0% used [0x000000076bb00000,0x000000076bb00000,0x0000000786c80000)
  from space 28160K, 33% used [0x0000000788900000,0x000000078922f8b0,0x000000078a480000)
  to   space 28672K, 0% used [0x0000000786c80000,0x0000000786c80000,0x0000000788880000)
 ParOldGen       total 219648K, used 50177K [0x00000006c3000000, 0x00000006d0680000, 0x000000076bb00000)
  object space 219648K, 22% used [0x00000006c3000000,0x00000006c6100530,0x00000006d0680000)
 Metaspace       used 74251K, capacity 79096K, committed 79360K, reserved 1118208K
  class space    used 10103K, capacity 10897K, committed 11008K, reserved 1048576K
}
Event: 165.739 GC heap before
{Heap before GC invocations=19 (full 5):
 PSYoungGen      total 472064K, used 9406K [0x000000076bb00000, 0x000000078a480000, 0x00000007c0000000)
  eden space 443904K, 0% used [0x000000076bb00000,0x000000076bb00000,0x0000000786c80000)
  from space 28160K, 33% used [0x0000000788900000,0x000000078922f8b0,0x000000078a480000)
  to   space 28672K, 0% used [0x0000000786c80000,0x0000000786c80000,0x0000000788880000)
 ParOldGen       total 219648K, used 50177K [0x00000006c3000000, 0x00000006d0680000, 0x000000076bb00000)
  object space 219648K, 22% used [0x00000006c3000000,0x00000006c6100530,0x00000006d0680000)
 Metaspace       used 74251K, capacity 79096K, committed 79360K, reserved 1118208K
  class space    used 10103K, capacity 10897K, committed 11008K, reserved 1048576K
Event: 166.114 GC heap after
Heap after GC invocations=19 (full 5):
 PSYoungGen      total 472064K, used 0K [0x000000076bb00000, 0x000000078a480000, 0x00000007c0000000)
  eden space 443904K, 0% used [0x000000076bb00000,0x000000076bb00000,0x0000000786c80000)
  from space 28160K, 0% used [0x0000000788900000,0x0000000788900000,0x000000078a480000)
  to   space 28672K, 0% used [0x0000000786c80000,0x0000000786c80000,0x0000000788880000)
 ParOldGen       total 219648K, used 56094K [0x00000006c3000000, 0x00000006d0680000, 0x000000076bb00000)
  object space 219648K, 25% used [0x00000006c3000000,0x00000006c66c7918,0x00000006d0680000)
 Metaspace       used 74229K, capacity 79060K, committed 79360K, reserved 1118208K
  class space    used 10100K, capacity 10891K, committed 11008K, reserved 1048576K
}
Event: 170.668 GC heap before
{Heap before GC invocations=20 (full 5):
 PSYoungGen      total 472064K, used 443904K [0x000000076bb00000, 0x000000078a480000, 0x00000007c0000000)
  eden space 443904K, 100% used [0x000000076bb00000,0x0000000786c80000,0x0000000786c80000)
  from space 28160K, 0% used [0x0000000788900000,0x0000000788900000,0x000000078a480000)
  to   space 28672K, 0% used [0x0000000786c80000,0x0000000786c80000,0x0000000788880000)
 ParOldGen       total 219648K, used 56094K [0x00000006c3000000, 0x00000006d0680000, 0x000000076bb00000)
  object space 219648K, 25% used [0x00000006c3000000,0x00000006c66c7918,0x00000006d0680000)
 Metaspace       used 76460K, capacity 81358K, committed 81536K, reserved 1120256K
  class space    used 10274K, capacity 11080K, committed 11136K, reserved 1048576K
Event: 170.685 GC heap after
Heap after GC invocations=20 (full 5):
 PSYoungGen      total 472576K, used 24354K [0x000000076bb00000, 0x000000078fd80000, 0x00000007c0000000)
  eden space 443904K, 0% used [0x000000076bb00000,0x000000076bb00000,0x0000000786c80000)
  from space 28672K, 84% used [0x0000000786c80000,0x00000007884489c8,0x0000000788880000)
  to   space 31232K, 0% used [0x000000078df00000,0x000000078df00000,0x000000078fd80000)
 ParOldGen       total 219648K, used 56102K [0x00000006c3000000, 0x00000006d0680000, 0x000000076bb00000)
  object space 219648K, 25% used [0x00000006c3000000,0x00000006c66c9918,0x00000006d0680000)
 Metaspace       used 76460K, capacity 81358K, committed 81536K, reserved 1120256K
  class space    used 10274K, capacity 11080K, committed 11136K, reserved 1048576K
}
Event: 1591.789 GC heap before
{Heap before GC invocations=21 (full 5):
 PSYoungGen      total 472576K, used 466234K [0x000000076bb00000, 0x000000078fd80000, 0x00000007c0000000)
  eden space 443904K, 99% used [0x000000076bb00000,0x0000000786a85fc8,0x0000000786c80000)
  from space 28672K, 84% used [0x0000000786c80000,0x00000007884489c8,0x0000000788880000)
  to   space 31232K, 0% used [0x000000078df00000,0x000000078df00000,0x000000078fd80000)
 ParOldGen       total 219648K, used 56102K [0x00000006c3000000, 0x00000006d0680000, 0x000000076bb00000)
  object space 219648K, 25% used [0x00000006c3000000,0x00000006c66c9918,0x00000006d0680000)
 Metaspace       used 76530K, capacity 81488K, committed 81920K, reserved 1120256K
  class space    used 10282K, capacity 11118K, committed 11264K, reserved 1048576K
Event: 1591.796 GC heap after
Heap after GC invocations=21 (full 5):
 PSYoungGen      total 560128K, used 9422K [0x000000076bb00000, 0x000000078fc80000, 0x00000007c0000000)
  eden space 529920K, 0% used [0x000000076bb00000,0x000000076bb00000,0x000000078c080000)
  from space 30208K, 31% used [0x000000078df00000,0x000000078e833ae0,0x000000078fc80000)
  to   space 30720K, 0% used [0x000000078c080000,0x000000078c080000,0x000000078de80000)
 ParOldGen       total 219648K, used 56110K [0x00000006c3000000, 0x00000006d0680000, 0x000000076bb00000)
  object space 219648K, 25% used [0x00000006c3000000,0x00000006c66cb918,0x00000006d0680000)
 Metaspace       used 76530K, capacity 81488K, committed 81920K, reserved 1120256K
  class space    used 10282K, capacity 11118K, committed 11264K, reserved 1048576K
}
Event: 1591.796 GC heap before
{Heap before GC invocations=22 (full 6):
 PSYoungGen      total 560128K, used 9422K [0x000000076bb00000, 0x000000078fc80000, 0x00000007c0000000)
  eden space 529920K, 0% used [0x000000076bb00000,0x000000076bb00000,0x000000078c080000)
  from space 30208K, 31% used [0x000000078df00000,0x000000078e833ae0,0x000000078fc80000)
  to   space 30720K, 0% used [0x000000078c080000,0x000000078c080000,0x000000078de80000)
 ParOldGen       total 219648K, used 56110K [0x00000006c3000000, 0x00000006d0680000, 0x000000076bb00000)
  object space 219648K, 25% used [0x00000006c3000000,0x00000006c66cb918,0x00000006d0680000)
 Metaspace       used 76530K, capacity 81488K, committed 81920K, reserved 1120256K
  class space    used 10282K, capacity 11118K, committed 11264K, reserved 1048576K
Event: 1592.171 GC heap after
Heap after GC invocations=22 (full 6):
 PSYoungGen      total 560128K, used 0K [0x000000076bb00000, 0x000000078fc80000, 0x00000007c0000000)
  eden space 529920K, 0% used [0x000000076bb00000,0x000000076bb00000,0x000000078c080000)
  from space 30208K, 0% used [0x000000078df00000,0x000000078df00000,0x000000078fc80000)
  to   space 30720K, 0% used [0x000000078c080000,0x000000078c080000,0x000000078de80000)
 ParOldGen       total 219648K, used 63764K [0x00000006c3000000, 0x00000006d0680000, 0x000000076bb00000)
  object space 219648K, 29% used [0x00000006c3000000,0x00000006c6e45030,0x00000006d0680000)
 Metaspace       used 76506K, capacity 81446K, committed 81920K, reserved 1120256K
  class space    used 10278K, capacity 11111K, committed 11264K, reserved 1048576K
}

